Using pre-set license
Built from '2020.3/staging' branch; Version is '2020.3.18f1 (a7d1c678663c) revision 10998214'; Using compiler version '192528614'; Build Type 'Release'
OS: 'Windows 10 Enterprise; OS build 17134.2145; Version 1803; 64bit' Language: 'en' Physical Memory: 7838 MB
BatchMode: 1, IsHumanControllingUs: 0, StartBugReporterOnCrash: 0, Is64bit: 1, IsPro: 0

COMMAND LINE ARGUMENTS:
C:\Program Files\Unity\Hub\Editor\2020.3.18f1\Editor\Unity.exe
-adb2
-batchMode
-noUpm
-name
AssetImportWorker1
-projectPath
C:/Users/AJones1/Desktop/AlexJones
-logFile
Logs/AssetImportWorker1.log
-srvPort
56452
Successfully changed project path to: C:/Users/AJones1/Desktop/AlexJones
C:/Users/AJones1/Desktop/AlexJones
Using Asset Import Pipeline V2.
Refreshing native plugins compatible for Editor in 306.75 ms, found 10 plugins.
Preloading 0 native plugins for Editor in 0.00 ms.
Initialize engine version: 2020.3.18f1 (a7d1c678663c)
[Subsystems] Discovering subsystems at path C:/Program Files/Unity/Hub/Editor/2020.3.18f1/Editor/Data/Resources/UnitySubsystems
[Subsystems] Discovering subsystems at path C:/Users/AJones1/Desktop/AlexJones/Assets
GfxDevice: creating device client; threaded=0
Direct3D:
    Version:  Direct3D 11.0 [level 11.1]
    Renderer: Intel(R) HD Graphics 520 (ID=0x1916)
    Vendor:   
    VRAM:     3919 MB
    Driver:   24.20.100.6286
Initialize mono
Mono path[0] = 'C:/Program Files/Unity/Hub/Editor/2020.3.18f1/Editor/Data/Managed'
Mono path[1] = 'C:/Program Files/Unity/Hub/Editor/2020.3.18f1/Editor/Data/MonoBleedingEdge/lib/mono/unityjit'
Mono config path = 'C:/Program Files/Unity/Hub/Editor/2020.3.18f1/Editor/Data/MonoBleedingEdge/etc'
Using monoOptions --debugger-agent=transport=dt_socket,embedding=1,server=y,suspend=n,address=127.0.0.1:56600
Begin MonoManager ReloadAssembly
Registering precompiled unity dll's ...
Register platform support module: C:/Program Files/Unity/Hub/Editor/2020.3.18f1/Editor/Data/PlaybackEngines/WindowsStandaloneSupport/UnityEditor.WindowsStandalone.Extensions.dll
Registered in 0.004022 seconds.
Native extension for WindowsStandalone target not found
Refreshing native plugins compatible for Editor in 113.25 ms, found 10 plugins.
Preloading 0 native plugins for Editor in 0.00 ms.
Mono: successfully reloaded assembly
- Completed reload, in  2.449 seconds
Domain Reload Profiling:
	ReloadAssembly (2449ms)
		BeginReloadAssembly (97ms)
			ExecutionOrderSort (0ms)
			DisableScriptedObjects (0ms)
			BackupInstance (0ms)
			ReleaseScriptingObjects (0ms)
			CreateAndSetChildDomain (2ms)
		EndReloadAssembly (857ms)
			LoadAssemblies (91ms)
			RebuildTransferFunctionScriptingTraits (0ms)
			SetupTypeCache (340ms)
			ReleaseScriptCaches (0ms)
			RebuildScriptCaches (46ms)
			SetupLoadedEditorAssemblies (328ms)
				LogAssemblyErrors (0ms)
				InitializePlatformSupportModulesInManaged (6ms)
				SetLoadedEditorAssemblies (0ms)
				RefreshPlugins (113ms)
				BeforeProcessingInitializeOnLoad (28ms)
				ProcessInitializeOnLoadAttributes (134ms)
				ProcessInitializeOnLoadMethodAttributes (45ms)
				AfterProcessingInitializeOnLoad (0ms)
				EditorAssembliesLoaded (0ms)
			ExecutionOrderSort2 (0ms)
			AwakeInstancesAfterBackupRestoration (0ms)
Platform modules already initialized, skipping
Registering precompiled user dll's ...
Registered in 0.015248 seconds.
Begin MonoManager ReloadAssembly
Native extension for WindowsStandalone target not found
Refreshing native plugins compatible for Editor in 121.36 ms, found 10 plugins.
Preloading 0 native plugins for Editor in 0.00 ms.
[XR] [Mixed Reality OpenXR Mesh]: RegisterLifecycleProvider.
[XR] [Mixed Reality OpenXR Input]: RegisterLifecycleProvider.
[XR] Error loading subsystem: Display (1) (header mismatch?)
Mono: successfully reloaded assembly
- Completed reload, in  4.875 seconds
Domain Reload Profiling:
	ReloadAssembly (4882ms)
		BeginReloadAssembly (233ms)
			ExecutionOrderSort (0ms)
			DisableScriptedObjects (6ms)
			BackupInstance (0ms)
			ReleaseScriptingObjects (0ms)
			CreateAndSetChildDomain (29ms)
		EndReloadAssembly (4541ms)
			LoadAssemblies (186ms)
			RebuildTransferFunctionScriptingTraits (0ms)
			SetupTypeCache (551ms)
			ReleaseScriptCaches (1ms)
			RebuildScriptCaches (115ms)
			SetupLoadedEditorAssemblies (3333ms)
				LogAssemblyErrors (0ms)
				InitializePlatformSupportModulesInManaged (8ms)
				SetLoadedEditorAssemblies (1ms)
				RefreshPlugins (122ms)
				BeforeProcessingInitializeOnLoad (181ms)
				ProcessInitializeOnLoadAttributes (2015ms)
				ProcessInitializeOnLoadMethodAttributes (995ms)
				AfterProcessingInitializeOnLoad (13ms)
				EditorAssembliesLoaded (0ms)
			ExecutionOrderSort2 (0ms)
			AwakeInstancesAfterBackupRestoration (18ms)
Platform modules already initialized, skipping
========================================================================
Worker process is ready to serve import requests
Launched and connected shader compiler UnityShaderCompiler.exe after 0.14 seconds
Refreshing native plugins compatible for Editor in 4.10 ms, found 10 plugins.
Preloading 0 native plugins for Editor in 0.00 ms.
Unloading 3512 Unused Serialized files (Serialized files now loaded: 0)
System memory in use before: 143.8 MB.
System memory in use after: 143.0 MB.

Unloading 559 unused Assets to reduce memory usage. Loaded Objects now: 3887.
Total: 13.182900 ms (FindLiveObjects: 0.870700 ms CreateObjectMapping: 2.134100 ms MarkObjects: 8.058700 ms  DeleteObjects: 2.117200 ms)

AssetImportParameters requested are different than current active one (requested -> active):
  custom:framework-win-MediaFoundation: 216162199b28c13a410421893ffa2e32 -> 
  custom:video-decoder-ogg-theora: a1e56fd34408186e4bbccfd4996cb3dc -> 
  custom:container-muxer-webm: aa71ff27fc2769a1b78a27578f13a17b -> 
  custom:container-demuxer-webm: 4f35f7cbe854078d1ac9338744f61a02 -> 
  custom:container-demuxer-ogg: 62fdf1f143b41e24485cea50d1cbac27 -> 
  custom:video-encoder-webm-vp8: eb34c28f22e8b96e1ab97ce403110664 -> 
  custom:video-codec-MediaFoundation-h265: 746d11721c4dcdbdad8f713fa42b33f4 -> 
  custom:video-decoder-webm-vp8: 9c59270c3fd7afecdb556c50c9e8de78 -> 
  custom:audio-decoder-ogg-vorbis: bf7c407c2cedff20999df2af8eb42d56 -> 
  custom:audio-encoder-webm-vorbis: bf7c407c2cedff20999df2af8eb42d56 -> 
========================================================================
Received Import Request.
  path: Assets/MixedRealityToolkit.Generated/CustomProfiles/New MixedRealityToolkitConfigurationProfile.asset
  artifactKey: Guid(80ccd35e292d66246a2430ee8f47b8a1) Importer(815301076,1909f56bfc062723c751e8b465ee728b)
Start importing Assets/MixedRealityToolkit.Generated/CustomProfiles/New MixedRealityToolkitConfigurationProfile.asset using Guid(80ccd35e292d66246a2430ee8f47b8a1) Importer(815301076,1909f56bfc062723c751e8b465ee728b)  -> (artifact id: '2d1c70392379109463ae5f227d5a64f8') in 0.814921 seconds 
  Import took 0.843626 seconds .

========================================================================
Received Import Request.
  Time since last request: 4.564309 seconds.
  path: Assets/MixedRealityToolkit.Generated/CustomProfiles/New MixedRealitySpatialAwarenessSystemProfile.asset
  artifactKey: Guid(9fb8db0b52fcc0d4da2874d593dc2ed8) Importer(815301076,1909f56bfc062723c751e8b465ee728b)
Start importing Assets/MixedRealityToolkit.Generated/CustomProfiles/New MixedRealitySpatialAwarenessSystemProfile.asset using Guid(9fb8db0b52fcc0d4da2874d593dc2ed8) Importer(815301076,1909f56bfc062723c751e8b465ee728b)  -> (artifact id: 'c30fdba61b9ef137d3f6463918958c8f') in 0.055690 seconds 
  Import took 0.071005 seconds .

========================================================================
Received Import Request.
  Time since last request: 0.000438 seconds.
  path: Assets/MixedRealityToolkit.Generated/CustomProfiles/New MixedRealityToolkitConfigurationProfile.asset
  artifactKey: Guid(80ccd35e292d66246a2430ee8f47b8a1) Importer(815301076,1909f56bfc062723c751e8b465ee728b)
Start importing Assets/MixedRealityToolkit.Generated/CustomProfiles/New MixedRealityToolkitConfigurationProfile.asset using Guid(80ccd35e292d66246a2430ee8f47b8a1) Importer(815301076,1909f56bfc062723c751e8b465ee728b)  -> (artifact id: 'fc16365de91ff4eb7ce3bc50c89c4c08') in 0.184247 seconds 
  Import took 0.206004 seconds .

========================================================================
Received Import Request.
  Time since last request: 0.000436 seconds.
  path: Assets/MixedRealityToolkit.Generated/CustomProfiles/New MixedRealitySpatialAwarenessSystemProfile.asset
  artifactKey: Guid(9fb8db0b52fcc0d4da2874d593dc2ed8) Importer(815301076,1909f56bfc062723c751e8b465ee728b)
Start importing Assets/MixedRealityToolkit.Generated/CustomProfiles/New MixedRealitySpatialAwarenessSystemProfile.asset using Guid(9fb8db0b52fcc0d4da2874d593dc2ed8) Importer(815301076,1909f56bfc062723c751e8b465ee728b)  -> (artifact id: 'c30fdba61b9ef137d3f6463918958c8f') in 0.014281 seconds 
  Import took 0.023151 seconds .

========================================================================
Received Import Request.
  Time since last request: 0.001838 seconds.
  path: Assets/MixedRealityToolkit.Generated/CustomProfiles/New MixedRealityToolkitConfigurationProfile.asset
  artifactKey: Guid(80ccd35e292d66246a2430ee8f47b8a1) Importer(815301076,1909f56bfc062723c751e8b465ee728b)
Start importing Assets/MixedRealityToolkit.Generated/CustomProfiles/New MixedRealityToolkitConfigurationProfile.asset using Guid(80ccd35e292d66246a2430ee8f47b8a1) Importer(815301076,1909f56bfc062723c751e8b465ee728b)  -> (artifact id: 'fc16365de91ff4eb7ce3bc50c89c4c08') in 0.452112 seconds 
  Import took 0.465863 seconds .

========================================================================
Received Import Request.
  Time since last request: 81.077496 seconds.
  path: Assets/MixedRealityToolkit.Generated/CustomProfiles/New MixedRealitySpatialAwarenessMeshObserverProfile.asset
  artifactKey: Guid(2c6342df7e275e344888b8ae3c6f928a) Importer(815301076,1909f56bfc062723c751e8b465ee728b)
Start importing Assets/MixedRealityToolkit.Generated/CustomProfiles/New MixedRealitySpatialAwarenessMeshObserverProfile.asset using Guid(2c6342df7e275e344888b8ae3c6f928a) Importer(815301076,1909f56bfc062723c751e8b465ee728b)  -> (artifact id: 'c65e5995d90f5ef7cad219d92edb99ea') in 0.039025 seconds 
  Import took 0.056093 seconds .

========================================================================
Received Import Request.
  Time since last request: 0.000430 seconds.
  path: Assets/MixedRealityToolkit.Generated/CustomProfiles/New MixedRealitySpatialAwarenessSystemProfile.asset
  artifactKey: Guid(9fb8db0b52fcc0d4da2874d593dc2ed8) Importer(815301076,1909f56bfc062723c751e8b465ee728b)
Start importing Assets/MixedRealityToolkit.Generated/CustomProfiles/New MixedRealitySpatialAwarenessSystemProfile.asset using Guid(9fb8db0b52fcc0d4da2874d593dc2ed8) Importer(815301076,1909f56bfc062723c751e8b465ee728b)  -> (artifact id: 'd7161e6c70d6ba22f3c4fa4b92216db0') in 0.016882 seconds 
  Import took 0.040332 seconds .

========================================================================
Received Import Request.
  Time since last request: 0.000455 seconds.
  path: Assets/MixedRealityToolkit.Generated/CustomProfiles/New MixedRealitySpatialAwarenessMeshObserverProfile.asset
  artifactKey: Guid(2c6342df7e275e344888b8ae3c6f928a) Importer(815301076,1909f56bfc062723c751e8b465ee728b)
Start importing Assets/MixedRealityToolkit.Generated/CustomProfiles/New MixedRealitySpatialAwarenessMeshObserverProfile.asset using Guid(2c6342df7e275e344888b8ae3c6f928a) Importer(815301076,1909f56bfc062723c751e8b465ee728b)  -> (artifact id: 'c65e5995d90f5ef7cad219d92edb99ea') in 0.014198 seconds 
  Import took 0.033309 seconds .

========================================================================
Received Import Request.
  Time since last request: 0.000365 seconds.
  path: Assets/MixedRealityToolkit.Generated/CustomProfiles/New MixedRealitySpatialAwarenessSystemProfile.asset
  artifactKey: Guid(9fb8db0b52fcc0d4da2874d593dc2ed8) Importer(815301076,1909f56bfc062723c751e8b465ee728b)
Start importing Assets/MixedRealityToolkit.Generated/CustomProfiles/New MixedRealitySpatialAwarenessSystemProfile.asset using Guid(9fb8db0b52fcc0d4da2874d593dc2ed8) Importer(815301076,1909f56bfc062723c751e8b465ee728b)  -> (artifact id: 'd7161e6c70d6ba22f3c4fa4b92216db0') in 0.032873 seconds 
  Import took 0.048253 seconds .

========================================================================
Received Import Request.
  Time since last request: 106.228585 seconds.
  path: Assets/MixedRealityToolkit.Generated/CustomProfiles/New MixedRealitySpatialAwarenessMeshObserverProfile 1.asset
  artifactKey: Guid(c7ed80c96d9b929459a503fd9410bfeb) Importer(815301076,1909f56bfc062723c751e8b465ee728b)
Start importing Assets/MixedRealityToolkit.Generated/CustomProfiles/New MixedRealitySpatialAwarenessMeshObserverProfile 1.asset using Guid(c7ed80c96d9b929459a503fd9410bfeb) Importer(815301076,1909f56bfc062723c751e8b465ee728b)  -> (artifact id: 'c768f4d5cc0fbfb841095d88e60d6449') in 0.060545 seconds 
  Import took 0.108791 seconds .

========================================================================
Received Import Request.
  Time since last request: 0.000641 seconds.
  path: Assets/MixedRealityToolkit.Generated/CustomProfiles/New MixedRealitySpatialAwarenessSystemProfile.asset
  artifactKey: Guid(9fb8db0b52fcc0d4da2874d593dc2ed8) Importer(815301076,1909f56bfc062723c751e8b465ee728b)
Start importing Assets/MixedRealityToolkit.Generated/CustomProfiles/New MixedRealitySpatialAwarenessSystemProfile.asset using Guid(9fb8db0b52fcc0d4da2874d593dc2ed8) Importer(815301076,1909f56bfc062723c751e8b465ee728b)  -> (artifact id: '02b06c339f9f481c8378174a641537ed') in 0.023056 seconds 
  Import took 0.051261 seconds .

========================================================================
Received Import Request.
  Time since last request: 0.000434 seconds.
  path: Assets/MixedRealityToolkit.Generated/CustomProfiles/New MixedRealitySpatialAwarenessMeshObserverProfile 1.asset
  artifactKey: Guid(c7ed80c96d9b929459a503fd9410bfeb) Importer(815301076,1909f56bfc062723c751e8b465ee728b)
Start importing Assets/MixedRealityToolkit.Generated/CustomProfiles/New MixedRealitySpatialAwarenessMeshObserverProfile 1.asset using Guid(c7ed80c96d9b929459a503fd9410bfeb) Importer(815301076,1909f56bfc062723c751e8b465ee728b)  -> (artifact id: 'c768f4d5cc0fbfb841095d88e60d6449') in 0.012864 seconds 
  Import took 0.026670 seconds .

========================================================================
Received Import Request.
  Time since last request: 0.000498 seconds.
  path: Assets/MixedRealityToolkit.Generated/CustomProfiles/New MixedRealitySpatialAwarenessMeshObserverProfile.asset
  artifactKey: Guid(2c6342df7e275e344888b8ae3c6f928a) Importer(815301076,1909f56bfc062723c751e8b465ee728b)
Start importing Assets/MixedRealityToolkit.Generated/CustomProfiles/New MixedRealitySpatialAwarenessMeshObserverProfile.asset using Guid(2c6342df7e275e344888b8ae3c6f928a) Importer(815301076,1909f56bfc062723c751e8b465ee728b)  -> (artifact id: '74c16b538621f69532583a7073b20642') in 0.010619 seconds 
  Import took 0.022917 seconds .

========================================================================
Received Import Request.
  Time since last request: 24.706793 seconds.
  path: Assets/MixedRealityToolkit.Generated/CustomProfiles/New MixedRealitySpatialAwarenessMeshObserverProfile 1.asset
  artifactKey: Guid(c7ed80c96d9b929459a503fd9410bfeb) Importer(815301076,1909f56bfc062723c751e8b465ee728b)
Start importing Assets/MixedRealityToolkit.Generated/CustomProfiles/New MixedRealitySpatialAwarenessMeshObserverProfile 1.asset using Guid(c7ed80c96d9b929459a503fd9410bfeb) Importer(815301076,1909f56bfc062723c751e8b465ee728b)  -> (artifact id: '42ed444e7d0b304753e7839cad026864') in 0.022264 seconds 
  Import took 0.058913 seconds .

========================================================================
Received Import Request.
  Time since last request: 0.000457 seconds.
  path: Assets/MixedRealityToolkit.Generated/CustomProfiles/New MixedRealitySpatialAwarenessMeshObserverProfile 2.asset
  artifactKey: Guid(b97f09ddc064ea248b64f6b121d964a8) Importer(815301076,1909f56bfc062723c751e8b465ee728b)
Start importing Assets/MixedRealityToolkit.Generated/CustomProfiles/New MixedRealitySpatialAwarenessMeshObserverProfile 2.asset using Guid(b97f09ddc064ea248b64f6b121d964a8) Importer(815301076,1909f56bfc062723c751e8b465ee728b)  -> (artifact id: '6c81bff3370ce2e1c1a81cdbeb4abc12') in 0.018391 seconds 
  Import took 0.033716 seconds .

========================================================================
Received Import Request.
  Time since last request: 0.000810 seconds.
  path: Assets/MixedRealityToolkit.Generated/CustomProfiles/New MixedRealitySpatialAwarenessMeshObserverProfile 1.asset
  artifactKey: Guid(c7ed80c96d9b929459a503fd9410bfeb) Importer(815301076,1909f56bfc062723c751e8b465ee728b)
Start importing Assets/MixedRealityToolkit.Generated/CustomProfiles/New MixedRealitySpatialAwarenessMeshObserverProfile 1.asset using Guid(c7ed80c96d9b929459a503fd9410bfeb) Importer(815301076,1909f56bfc062723c751e8b465ee728b)  -> (artifact id: '42ed444e7d0b304753e7839cad026864') in 0.014939 seconds 
  Import took 0.030933 seconds .

========================================================================
Received Import Request.
  Time since last request: 0.000414 seconds.
  path: Assets/MixedRealityToolkit.Generated/CustomProfiles/New MixedRealitySpatialAwarenessSystemProfile.asset
  artifactKey: Guid(9fb8db0b52fcc0d4da2874d593dc2ed8) Importer(815301076,1909f56bfc062723c751e8b465ee728b)
Start importing Assets/MixedRealityToolkit.Generated/CustomProfiles/New MixedRealitySpatialAwarenessSystemProfile.asset using Guid(9fb8db0b52fcc0d4da2874d593dc2ed8) Importer(815301076,1909f56bfc062723c751e8b465ee728b)  -> (artifact id: '857af1d7a2f4c74fa946ef77cfedcea0') in 0.036835 seconds 
  Import took 0.057618 seconds .

========================================================================
Received Import Request.
  Time since last request: 0.000711 seconds.
  path: Assets/MixedRealityToolkit.Generated/CustomProfiles/New MixedRealitySpatialAwarenessMeshObserverProfile 2.asset
  artifactKey: Guid(b97f09ddc064ea248b64f6b121d964a8) Importer(815301076,1909f56bfc062723c751e8b465ee728b)
Start importing Assets/MixedRealityToolkit.Generated/CustomProfiles/New MixedRealitySpatialAwarenessMeshObserverProfile 2.asset using Guid(b97f09ddc064ea248b64f6b121d964a8) Importer(815301076,1909f56bfc062723c751e8b465ee728b)  -> (artifact id: '6c81bff3370ce2e1c1a81cdbeb4abc12') in 0.008830 seconds 
  Import took 0.027669 seconds .

========================================================================
Received Import Request.
  Time since last request: 0.000494 seconds.
  path: Assets/MixedRealityToolkit.Generated/CustomProfiles/New MixedRealitySpatialAwarenessSystemProfile.asset
  artifactKey: Guid(9fb8db0b52fcc0d4da2874d593dc2ed8) Importer(815301076,1909f56bfc062723c751e8b465ee728b)
Start importing Assets/MixedRealityToolkit.Generated/CustomProfiles/New MixedRealitySpatialAwarenessSystemProfile.asset using Guid(9fb8db0b52fcc0d4da2874d593dc2ed8) Importer(815301076,1909f56bfc062723c751e8b465ee728b)  -> (artifact id: '857af1d7a2f4c74fa946ef77cfedcea0') in 0.023557 seconds 
  Import took 0.034284 seconds .

========================================================================
Received Import Request.
  Time since last request: 72.785482 seconds.
  path: Assets/MixedRealityToolkit.Generated/CustomProfiles/New MixedRealitySpatialAwarenessMeshObserverProfile 2.asset
  artifactKey: Guid(b97f09ddc064ea248b64f6b121d964a8) Importer(815301076,1909f56bfc062723c751e8b465ee728b)
Start importing Assets/MixedRealityToolkit.Generated/CustomProfiles/New MixedRealitySpatialAwarenessMeshObserverProfile 2.asset using Guid(b97f09ddc064ea248b64f6b121d964a8) Importer(815301076,1909f56bfc062723c751e8b465ee728b)  -> (artifact id: '349466982b7cfb993ed075fcd71c0556') in 0.011948 seconds 
  Import took 0.028214 seconds .

========================================================================
Received Prepare
Registering precompiled user dll's ...
Registered in 0.022176 seconds.
Begin MonoManager ReloadAssembly
Native extension for WindowsStandalone target not found
Refreshing native plugins compatible for Editor in 1.21 ms, found 10 plugins.
Preloading 0 native plugins for Editor in 0.00 ms.
Error when attempting to update scene info fields. Scene info data may be stale.
UnityEngine.StackTraceUtility:ExtractStackTrace ()
UnityEngine.DebugLogHandler:LogFormat (UnityEngine.LogType,UnityEngine.Object,string,object[])
UnityEngine.Logger:Log (UnityEngine.LogType,object)
UnityEngine.Debug:LogWarning (object)
Microsoft.MixedReality.Toolkit.Editor.SceneInfoUtils:RefreshSceneInfoFieldsInScriptableObjects () (at Library/PackageCache/com.microsoft.mixedreality.toolkit.foundation@6226372e9239-1631210822873/Core/Inspectors/PropertyDrawers/SceneInfoUtils.cs:313)
Microsoft.MixedReality.Toolkit.Editor.SceneInfoUtils:InitializeOnLoad () (at Library/PackageCache/com.microsoft.mixedreality.toolkit.foundation@6226372e9239-1631210822873/Core/Inspectors/PropertyDrawers/SceneInfoUtils.cs:231)
System.Reflection.MonoMethod:Invoke (object,System.Reflection.BindingFlags,System.Reflection.Binder,object[],System.Globalization.CultureInfo)
System.Reflection.MethodBase:Invoke (object,object[])
UnityEditor.EditorAssemblies:ProcessInitializeOnLoadMethodAttributes ()

(Filename: Library/PackageCache/com.microsoft.mixedreality.toolkit.foundation@6226372e9239-1631210822873/Core/Inspectors/PropertyDrawers/SceneInfoUtils.cs Line: 313)

Mono: successfully reloaded assembly
- Completed reload, in  4.266 seconds
Domain Reload Profiling:
	ReloadAssembly (4267ms)
		BeginReloadAssembly (425ms)
			ExecutionOrderSort (0ms)
			DisableScriptedObjects (14ms)
			BackupInstance (0ms)
			ReleaseScriptingObjects (0ms)
			CreateAndSetChildDomain (105ms)
		EndReloadAssembly (3720ms)
			LoadAssemblies (251ms)
			RebuildTransferFunctionScriptingTraits (0ms)
			SetupTypeCache (843ms)
			ReleaseScriptCaches (1ms)
			RebuildScriptCaches (67ms)
			SetupLoadedEditorAssemblies (2269ms)
				LogAssemblyErrors (0ms)
				InitializePlatformSupportModulesInManaged (7ms)
				SetLoadedEditorAssemblies (1ms)
				RefreshPlugins (1ms)
				BeforeProcessingInitializeOnLoad (191ms)
				ProcessInitializeOnLoadAttributes (1594ms)
				ProcessInitializeOnLoadMethodAttributes (464ms)
				AfterProcessingInitializeOnLoad (11ms)
				EditorAssembliesLoaded (1ms)
			ExecutionOrderSort2 (0ms)
			AwakeInstancesAfterBackupRestoration (26ms)
Platform modules already initialized, skipping
Switching build target platform(19) subTarget(0) extendedPlatform(0) -> platform(21) subTarget(3) extendedPlatform(0)
Refreshing native plugins compatible for Editor in 1.70 ms, found 10 plugins.
Preloading 0 native plugins for Editor in 0.00 ms.
Unloading 3401 Unused Serialized files (Serialized files now loaded: 0)
System memory in use before: 135.0 MB.
System memory in use after: 134.6 MB.

Unloading 84 unused Assets to reduce memory usage. Loaded Objects now: 3894.
Total: 6.463500 ms (FindLiveObjects: 0.494700 ms CreateObjectMapping: 0.573400 ms MarkObjects: 4.995300 ms  DeleteObjects: 0.397700 ms)

AssetImportParameters requested are different than current active one (requested -> active):
  custom:framework-win-MediaFoundation: 216162199b28c13a410421893ffa2e32 -> 
  custom:video-decoder-ogg-theora: a1e56fd34408186e4bbccfd4996cb3dc -> 
  custom:container-muxer-webm: aa71ff27fc2769a1b78a27578f13a17b -> 
  custom:container-demuxer-webm: 4f35f7cbe854078d1ac9338744f61a02 -> 
  custom:container-demuxer-ogg: 62fdf1f143b41e24485cea50d1cbac27 -> 
  custom:video-encoder-webm-vp8: eb34c28f22e8b96e1ab97ce403110664 -> 
  custom:video-codec-MediaFoundation-h265: 746d11721c4dcdbdad8f713fa42b33f4 -> 
  custom:video-decoder-webm-vp8: 9c59270c3fd7afecdb556c50c9e8de78 -> 
  custom:audio-decoder-ogg-vorbis: bf7c407c2cedff20999df2af8eb42d56 -> 
  custom:audio-encoder-webm-vorbis: bf7c407c2cedff20999df2af8eb42d56 -> 
========================================================================
Received Import Request.
  Time since last request: 488.154137 seconds.
  path: Assets/MRTK.Tutorials.GettingStarted/Prefabs/Chevron.prefab
  artifactKey: Guid(eb65bb040d2dce144a90d568ed97f32a) Importer(815301076,1909f56bfc062723c751e8b465ee728b)
Start importing Assets/MRTK.Tutorials.GettingStarted/Prefabs/Chevron.prefab using Guid(eb65bb040d2dce144a90d568ed97f32a) Importer(815301076,1909f56bfc062723c751e8b465ee728b)  -> (artifact id: '84484fef72ba051abe5e3f3bf5674488') in 0.378962 seconds 
  Import took 0.388042 seconds .

========================================================================
Received Import Request.
  Time since last request: 0.000622 seconds.
  path: Assets/MRTK.Tutorials.GettingStarted/Prefabs/PressableRoundButton.prefab
  artifactKey: Guid(e157d31e347240046bc22a96e5cc32be) Importer(815301076,1909f56bfc062723c751e8b465ee728b)
Start importing Assets/MRTK.Tutorials.GettingStarted/Prefabs/PressableRoundButton.prefab using Guid(e157d31e347240046bc22a96e5cc32be) Importer(815301076,1909f56bfc062723c751e8b465ee728b)  -> (artifact id: 'ddd6d1c35a98143857a3d0e30425d108') in 0.620410 seconds 
  Import took 0.638240 seconds .

========================================================================
Received Import Request.
  Time since last request: 0.000447 seconds.
  path: Assets/MRTK.Tutorials.GettingStarted/Prefabs/RoverAssembly.prefab
  artifactKey: Guid(00d62673906fb0c4cb62b4cfec8e04cf) Importer(815301076,1909f56bfc062723c751e8b465ee728b)
Start importing Assets/MRTK.Tutorials.GettingStarted/Prefabs/RoverAssembly.prefab using Guid(00d62673906fb0c4cb62b4cfec8e04cf) Importer(815301076,1909f56bfc062723c751e8b465ee728b)  -> (artifact id: 'f04be84681a78df9332fd2fee19b5756') in 0.455462 seconds 
  Import took 0.470550 seconds .

========================================================================
Received Import Request.
  Time since last request: 0.000456 seconds.
  path: Assets/MRTK.Tutorials.GettingStarted/Prefabs/Table.prefab
  artifactKey: Guid(ad8dde9b887f5774d95a09aef04f5f45) Importer(815301076,1909f56bfc062723c751e8b465ee728b)
Start importing Assets/MRTK.Tutorials.GettingStarted/Prefabs/Table.prefab using Guid(ad8dde9b887f5774d95a09aef04f5f45) Importer(815301076,1909f56bfc062723c751e8b465ee728b)  -> (artifact id: '2b51c3df5f010f15db5f761f6bdadef8') in 0.127521 seconds 
  Import took 0.148983 seconds .

========================================================================
Received Import Request.
  Time since last request: 0.000441 seconds.
  path: Assets/MRTK.Tutorials.GettingStarted/Prefabs/Cube.prefab
  artifactKey: Guid(fb1b600dc94c3954099cc101e25ee744) Importer(815301076,1909f56bfc062723c751e8b465ee728b)
Start importing Assets/MRTK.Tutorials.GettingStarted/Prefabs/Cube.prefab using Guid(fb1b600dc94c3954099cc101e25ee744) Importer(815301076,1909f56bfc062723c751e8b465ee728b)  -> (artifact id: '66a5f78435e197895c918a99d16cb84a') in 0.060167 seconds 
  Import took 0.073620 seconds .

