Using pre-set license
Built from '2020.3/staging' branch; Version is '2020.3.18f1 (a7d1c678663c) revision 10998214'; Using compiler version '192528614'; Build Type 'Release'
OS: 'Windows 10 Enterprise; OS build 17134.2145; Version 1803; 64bit' Language: 'en' Physical Memory: 7838 MB
BatchMode: 1, IsHumanControllingUs: 0, StartBugReporterOnCrash: 0, Is64bit: 1, IsPro: 0

COMMAND LINE ARGUMENTS:
C:\Program Files\Unity\Hub\Editor\2020.3.18f1\Editor\Unity.exe
-adb2
-batchMode
-noUpm
-name
AssetImportWorker1
-projectPath
C:/Users/AJones1/Desktop/AlexJones
-logFile
Logs/AssetImportWorker1.log
-srvPort
56452
Successfully changed project path to: C:/Users/AJones1/Desktop/AlexJones
C:/Users/AJones1/Desktop/AlexJones
Using Asset Import Pipeline V2.
Refreshing native plugins compatible for Editor in 306.75 ms, found 10 plugins.
Preloading 0 native plugins for Editor in 0.00 ms.
Initialize engine version: 2020.3.18f1 (a7d1c678663c)
[Subsystems] Discovering subsystems at path C:/Program Files/Unity/Hub/Editor/2020.3.18f1/Editor/Data/Resources/UnitySubsystems
[Subsystems] Discovering subsystems at path C:/Users/AJones1/Desktop/AlexJones/Assets
GfxDevice: creating device client; threaded=0
Direct3D:
    Version:  Direct3D 11.0 [level 11.1]
    Renderer: Intel(R) HD Graphics 520 (ID=0x1916)
    Vendor:   
    VRAM:     3919 MB
    Driver:   24.20.100.6286
Initialize mono
Mono path[0] = 'C:/Program Files/Unity/Hub/Editor/2020.3.18f1/Editor/Data/Managed'
Mono path[1] = 'C:/Program Files/Unity/Hub/Editor/2020.3.18f1/Editor/Data/MonoBleedingEdge/lib/mono/unityjit'
Mono config path = 'C:/Program Files/Unity/Hub/Editor/2020.3.18f1/Editor/Data/MonoBleedingEdge/etc'
Using monoOptions --debugger-agent=transport=dt_socket,embedding=1,server=y,suspend=n,address=127.0.0.1:56600
Begin MonoManager ReloadAssembly
Registering precompiled unity dll's ...
Register platform support module: C:/Program Files/Unity/Hub/Editor/2020.3.18f1/Editor/Data/PlaybackEngines/WindowsStandaloneSupport/UnityEditor.WindowsStandalone.Extensions.dll
Registered in 0.004022 seconds.
Native extension for WindowsStandalone target not found
Refreshing native plugins compatible for Editor in 113.25 ms, found 10 plugins.
Preloading 0 native plugins for Editor in 0.00 ms.
Mono: successfully reloaded assembly
- Completed reload, in  2.449 seconds
Domain Reload Profiling:
	ReloadAssembly (2449ms)
		BeginReloadAssembly (97ms)
			ExecutionOrderSort (0ms)
			DisableScriptedObjects (0ms)
			BackupInstance (0ms)
			ReleaseScriptingObjects (0ms)
			CreateAndSetChildDomain (2ms)
		EndReloadAssembly (857ms)
			LoadAssemblies (91ms)
			RebuildTransferFunctionScriptingTraits (0ms)
			SetupTypeCache (340ms)
			ReleaseScriptCaches (0ms)
			RebuildScriptCaches (46ms)
			SetupLoadedEditorAssemblies (328ms)
				LogAssemblyErrors (0ms)
				InitializePlatformSupportModulesInManaged (6ms)
				SetLoadedEditorAssemblies (0ms)
				RefreshPlugins (113ms)
				BeforeProcessingInitializeOnLoad (28ms)
				ProcessInitializeOnLoadAttributes (134ms)
				ProcessInitializeOnLoadMethodAttributes (45ms)
				AfterProcessingInitializeOnLoad (0ms)
				EditorAssembliesLoaded (0ms)
			ExecutionOrderSort2 (0ms)
			AwakeInstancesAfterBackupRestoration (0ms)
Platform modules already initialized, skipping
Registering precompiled user dll's ...
Registered in 0.015248 seconds.
Begin MonoManager ReloadAssembly
Native extension for WindowsStandalone target not found
Refreshing native plugins compatible for Editor in 121.36 ms, found 10 plugins.
Preloading 0 native plugins for Editor in 0.00 ms.
[XR] [Mixed Reality OpenXR Mesh]: RegisterLifecycleProvider.
[XR] [Mixed Reality OpenXR Input]: RegisterLifecycleProvider.
[XR] Error loading subsystem: Display (1) (header mismatch?)
Mono: successfully reloaded assembly
- Completed reload, in  4.875 seconds
Domain Reload Profiling:
	ReloadAssembly (4882ms)
		BeginReloadAssembly (233ms)
			ExecutionOrderSort (0ms)
			DisableScriptedObjects (6ms)
			BackupInstance (0ms)
			ReleaseScriptingObjects (0ms)
			CreateAndSetChildDomain (29ms)
		EndReloadAssembly (4541ms)
			LoadAssemblies (186ms)
			RebuildTransferFunctionScriptingTraits (0ms)
			SetupTypeCache (551ms)
			ReleaseScriptCaches (1ms)
			RebuildScriptCaches (115ms)
			SetupLoadedEditorAssemblies (3333ms)
				LogAssemblyErrors (0ms)
				InitializePlatformSupportModulesInManaged (8ms)
				SetLoadedEditorAssemblies (1ms)
				RefreshPlugins (122ms)
				BeforeProcessingInitializeOnLoad (181ms)
				ProcessInitializeOnLoadAttributes (2015ms)
				ProcessInitializeOnLoadMethodAttributes (995ms)
				AfterProcessingInitializeOnLoad (13ms)
				EditorAssembliesLoaded (0ms)
			ExecutionOrderSort2 (0ms)
			AwakeInstancesAfterBackupRestoration (18ms)
Platform modules already initialized, skipping
========================================================================
Worker process is ready to serve import requests
Launched and connected shader compiler UnityShaderCompiler.exe after 0.14 seconds
Refreshing native plugins compatible for Editor in 4.10 ms, found 10 plugins.
Preloading 0 native plugins for Editor in 0.00 ms.
Unloading 3512 Unused Serialized files (Serialized files now loaded: 0)
System memory in use before: 143.8 MB.
System memory in use after: 143.0 MB.

Unloading 559 unused Assets to reduce memory usage. Loaded Objects now: 3887.
Total: 13.182900 ms (FindLiveObjects: 0.870700 ms CreateObjectMapping: 2.134100 ms MarkObjects: 8.058700 ms  DeleteObjects: 2.117200 ms)

AssetImportParameters requested are different than current active one (requested -> active):
  custom:framework-win-MediaFoundation: 216162199b28c13a410421893ffa2e32 -> 
  custom:video-decoder-ogg-theora: a1e56fd34408186e4bbccfd4996cb3dc -> 
  custom:container-muxer-webm: aa71ff27fc2769a1b78a27578f13a17b -> 
  custom:container-demuxer-webm: 4f35f7cbe854078d1ac9338744f61a02 -> 
  custom:container-demuxer-ogg: 62fdf1f143b41e24485cea50d1cbac27 -> 
  custom:video-encoder-webm-vp8: eb34c28f22e8b96e1ab97ce403110664 -> 
  custom:video-codec-MediaFoundation-h265: 746d11721c4dcdbdad8f713fa42b33f4 -> 
  custom:video-decoder-webm-vp8: 9c59270c3fd7afecdb556c50c9e8de78 -> 
  custom:audio-decoder-ogg-vorbis: bf7c407c2cedff20999df2af8eb42d56 -> 
  custom:audio-encoder-webm-vorbis: bf7c407c2cedff20999df2af8eb42d56 -> 
========================================================================
Received Import Request.
  path: Assets/MixedRealityToolkit.Generated/CustomProfiles/New MixedRealityToolkitConfigurationProfile.asset
  artifactKey: Guid(80ccd35e292d66246a2430ee8f47b8a1) Importer(815301076,1909f56bfc062723c751e8b465ee728b)
Start importing Assets/MixedRealityToolkit.Generated/CustomProfiles/New MixedRealityToolkitConfigurationProfile.asset using Guid(80ccd35e292d66246a2430ee8f47b8a1) Importer(815301076,1909f56bfc062723c751e8b465ee728b)  -> (artifact id: '2d1c70392379109463ae5f227d5a64f8') in 0.814921 seconds 
  Import took 0.843626 seconds .

========================================================================
Received Import Request.
  Time since last request: 4.564309 seconds.
  path: Assets/MixedRealityToolkit.Generated/CustomProfiles/New MixedRealitySpatialAwarenessSystemProfile.asset
  artifactKey: Guid(9fb8db0b52fcc0d4da2874d593dc2ed8) Importer(815301076,1909f56bfc062723c751e8b465ee728b)
Start importing Assets/MixedRealityToolkit.Generated/CustomProfiles/New MixedRealitySpatialAwarenessSystemProfile.asset using Guid(9fb8db0b52fcc0d4da2874d593dc2ed8) Importer(815301076,1909f56bfc062723c751e8b465ee728b)  -> (artifact id: 'c30fdba61b9ef137d3f6463918958c8f') in 0.055690 seconds 
  Import took 0.071005 seconds .

========================================================================
Received Import Request.
  Time since last request: 0.000438 seconds.
  path: Assets/MixedRealityToolkit.Generated/CustomProfiles/New MixedRealityToolkitConfigurationProfile.asset
  artifactKey: Guid(80ccd35e292d66246a2430ee8f47b8a1) Importer(815301076,1909f56bfc062723c751e8b465ee728b)
Start importing Assets/MixedRealityToolkit.Generated/CustomProfiles/New MixedRealityToolkitConfigurationProfile.asset using Guid(80ccd35e292d66246a2430ee8f47b8a1) Importer(815301076,1909f56bfc062723c751e8b465ee728b)  -> (artifact id: 'fc16365de91ff4eb7ce3bc50c89c4c08') in 0.184247 seconds 
  Import took 0.206004 seconds .

========================================================================
Received Import Request.
  Time since last request: 0.000436 seconds.
  path: Assets/MixedRealityToolkit.Generated/CustomProfiles/New MixedRealitySpatialAwarenessSystemProfile.asset
  artifactKey: Guid(9fb8db0b52fcc0d4da2874d593dc2ed8) Importer(815301076,1909f56bfc062723c751e8b465ee728b)
Start importing Assets/MixedRealityToolkit.Generated/CustomProfiles/New MixedRealitySpatialAwarenessSystemProfile.asset using Guid(9fb8db0b52fcc0d4da2874d593dc2ed8) Importer(815301076,1909f56bfc062723c751e8b465ee728b)  -> (artifact id: 'c30fdba61b9ef137d3f6463918958c8f') in 0.014281 seconds 
  Import took 0.023151 seconds .

========================================================================
Received Import Request.
  Time since last request: 0.001838 seconds.
  path: Assets/MixedRealityToolkit.Generated/CustomProfiles/New MixedRealityToolkitConfigurationProfile.asset
  artifactKey: Guid(80ccd35e292d66246a2430ee8f47b8a1) Importer(815301076,1909f56bfc062723c751e8b465ee728b)
Start importing Assets/MixedRealityToolkit.Generated/CustomProfiles/New MixedRealityToolkitConfigurationProfile.asset using Guid(80ccd35e292d66246a2430ee8f47b8a1) Importer(815301076,1909f56bfc062723c751e8b465ee728b)  -> (artifact id: 'fc16365de91ff4eb7ce3bc50c89c4c08') in 0.452112 seconds 
  Import took 0.465863 seconds .

